Arguments: 
  C:\Program Files\nodejs\node.exe C:\Users\WanVicky.Zou\AppData\Roaming\npm\node_modules\yarn\bin\yarn.js add webpack --dev

PATH: 
  C:\Python38\Scripts\;C:\Python38\;C:\Program Files (x86)\Common Files\Oracle\Java\javapath;C:\Program Files\OpenJDK\jdk-13.0.2\bin;C:\Windows\system32;C:\Windows;C:\Windows\System32\Wbem;C:\Windows\System32\WindowsPowerShell\v1.0\;C:\Windows\System32\OpenSSH\;C:\Program Files (x86)\NVIDIA Corporation\PhysX\Common;C:\Program Files\NVIDIA Corporation\NVIDIA NvDLISR;C:\ProgramData\chocolatey\bin;C:\Program Files (x86)\GitExtensions\;C:\Program Files\Microsoft VS Code\bin;C:\Program Files\Microsoft SQL Server\Client SDK\ODBC\170\Tools\Binn\;C:\Program Files (x86)\Microsoft SQL Server\150\Tools\Binn\;C:\Program Files\Microsoft SQL Server\150\Tools\Binn\;C:\Program Files\Microsoft SQL Server\150\DTS\Binn\;C:\Program Files\dotnet\;C:\Program Files\Microsoft SQL Server\130\Tools\Binn\;C:\Program Files (x86)\Microsoft SQL Server\150\DTS\Binn\;C:\Program Files (x86)\dotnet\;C:\Program Files\PostgreSQL\12\bin;C:\Program Files\OpenJDK\jdk-14\bin;C:\Program Files\TortoiseGit\bin;C:\Program Files\Git\cmd;C:\Program Files\Amazon\AWSCLIV2\;C:\Program Files\Amazon\AWSSAMCLI\bin\;C:\Program Files\Docker\Docker\resources\bin;C:\ProgramData\DockerDesktop\version-bin;C:\Program Files\nodejs\;C:\Program Files\MySQL\MySQL Shell 8.0\bin\;C:\Users\WanVicky.Zou\AppData\Local\Microsoft\WindowsApps;C:\Program Files\JetBrains\IntelliJ IDEA Community Edition 2019.3.3\bin;C:\Program Files\kdiff3;C:\Users\WanVicky.Zou\.dotnet\tools;C:\gradle-6.3\bin;C:\kafka_2.12-2.5.0\bin\windows;C:\Users\WanVicky.Zou\AppData\Roaming\npm

Yarn version: 
  1.22.4

Node version: 
  12.18.4

Platform: 
  win32 x64

Trace: 
  Error: self signed certificate in certificate chain
      at TLSSocket.onConnectSecure (_tls_wrap.js:1501:34)
      at TLSSocket.emit (events.js:315:20)
      at TLSSocket._finishInit (_tls_wrap.js:936:8)
      at TLSWrap.ssl.onhandshakedone (_tls_wrap.js:710:12)

npm manifest: 
  {
    "name": "indecision-app",
    "version": "1.0.0",
    "main": "index.js",
    "author": "Vicky",
    "license": "MIT",
    "scripts": {
      "server": "live-server public/",
      "build": "babel src/app.js --out-file=public/scripts/app.js --presets=@babel/preset-env,module:@babel/preset-react --watch"
    },
    "devDependencies": {
      "@babel/cli": "^7.10.5",
      "@babel/core": "^7.11.6",
      "@babel/preset-env": "^7.11.5",
      "@babel/preset-react": "^7.10.4",
      "@live/server": "^1.2.0",
      "babel-loader": "^8.1.0"
    },
    "dependencies": {
      "@babel/runtime": "^7.11.2"
    }
  }

yarn manifest: 
  No manifest

Lockfile: 
  No lockfile
